{ "timestamp":"2016-09-20T19:46:07Z", "event":"Fileheader", "part":1, "language":"English\\UK", "gameversion":"2.2 (Beta 2)", "build":"r121783/r0 " }
{ "timestamp":"2016-09-20T19:48:21Z", "event":"LoadGame", "Commander":"MagicMau", "Ship":"Asp", "ShipID":2, "GameMode":"Open", "Credits":118515799, "Loan":0 }
{ "timestamp":"2016-09-20T19:48:21Z", "event":"Rank", "Combat":4, "Trade":4, "Explore":6, "Empire":2, "Federation":6, "CQC":0 }
{ "timestamp":"2016-09-20T19:48:21Z", "event":"Progress", "Combat":26, "Trade":52, "Explore":60, "Empire":37, "Federation":44, "CQC":83 }
{ "timestamp":"2016-09-20T19:48:57Z", "event":"Location", "StarSystem":"Deciat", "StarPos":[122.625,-0.813,-47.281], "Allegiance":"Federation", "Economy":"$economy_Industrial;", "Economy_Localised":"Industrial", "Government":"$government_Democracy;", "Government_Localised":"Democracy", "Security":"$SYSTEM_SECURITY_medium;", "Security_Localised":"Medium Security", "Faction":"Independent Deciat Green Party" }
{ "timestamp":"2016-09-20T19:52:12Z", "event":"LoadGame", "Commander":"MagicMau", "Ship":"Asp", "ShipID":2, "GameMode":"Open", "Credits":118515799, "Loan":0 }
{ "timestamp":"2016-09-20T19:52:12Z", "event":"Rank", "Combat":4, "Trade":4, "Explore":6, "Empire":2, "Federation":6, "CQC":0 }
{ "timestamp":"2016-09-20T19:52:12Z", "event":"Progress", "Combat":26, "Trade":52, "Explore":60, "Empire":37, "Federation":44, "CQC":83 }
{ "timestamp":"2016-09-20T19:52:31Z", "event":"Location", "StarSystem":"Deciat", "StarPos":[122.625,-0.813,-47.281], "Allegiance":"Federation", "Economy":"$economy_Industrial;", "Economy_Localised":"Industrial", "Government":"$government_Democracy;", "Government_Localised":"Democracy", "Security":"$SYSTEM_SECURITY_medium;", "Security_Localised":"Medium Security", "Faction":"Independent Deciat Green Party" }
{ "timestamp":"2016-09-20T19:53:42Z", "event":"SupercruiseEntry", "StarSystem":"Deciat" }
{ "timestamp":"2016-09-20T19:54:35Z", "event":"ReceiveText", "From":"OTHER_CMDR", "Message":"enjoying the beta :P?" }
{ "timestamp":"2016-09-20T19:54:51Z", "event":"SendText", "To":"OTHER_CMDR", "Message":"Have yet to make my first jump ;)" }
{ "timestamp":"2016-09-20T19:55:08Z", "event":"SendText", "To":"OTHER_CMDR", "Message":"You?" }
{ "timestamp":"2016-09-20T19:55:23Z", "event":"SupercruiseExit", "StarSystem":"Deciat", "Body":"Deciat 6 a" }
{ "timestamp":"2016-09-20T19:56:42Z", "event":"ReceiveText", "From":"OTHER_CMDR", "Message":"got disconnected when outfitting lol" }
{ "timestamp":"2016-09-20T19:57:30Z", "event":"LoadGame", "Commander":"MagicMau", "Ship":"Asp", "ShipID":2, "GameMode":"Open", "Credits":118515799, "Loan":0 }
{ "timestamp":"2016-09-20T19:57:30Z", "event":"Rank", "Combat":4, "Trade":4, "Explore":6, "Empire":2, "Federation":6, "CQC":0 }
{ "timestamp":"2016-09-20T19:57:30Z", "event":"Progress", "Combat":26, "Trade":52, "Explore":60, "Empire":37, "Federation":44, "CQC":83 }
{ "timestamp":"2016-09-20T19:57:57Z", "event":"Location", "StarSystem":"Deciat", "StarPos":[122.625,-0.813,-47.281], "Allegiance":"Federation", "Economy":"$economy_Industrial;", "Economy_Localised":"Industrial", "Government":"$government_Democracy;", "Government_Localised":"Democracy", "Security":"$SYSTEM_SECURITY_medium;", "Security_Localised":"Medium Security", "Faction":"Independent Deciat Green Party" }
{ "timestamp":"2016-09-20T19:59:31Z", "event":"FSDJump", "StarSystem":"Dalannovale", "StarPos":[98.875,6.719,-34.406], "Allegiance":"Independent", "Economy":"$economy_Refinery;", "Economy_Localised":"Refinery", "Government":"$government_Anarchy;", "Government_Localised":"Anarchy", "Security":"$GAlAXY_MAP_INFO_state_anarchy;", "Security_Localised":"Anarchy", "JumpDist":28.045, "FuelUsed":3.694973, "FuelLevel":25.588516, "Faction":"Dalannovale Blue Drug Empire" }
{ "timestamp":"2016-09-20T20:00:26Z", "event":"FSDJump", "StarSystem":"Puppis Sector EL-Y c15", "StarPos":[71.656,7.125,-31.969], "Allegiance":"", "Economy":"$economy_None;", "Economy_Localised":"None", "Government":"$government_None;", "Government_Localised":"None", "Security":"$SYSTEM_SECURITY_low;", "Security_Localised":"Low Security", "JumpDist":27.331, "FuelUsed":3.402371, "FuelLevel":22.186146 }
{ "timestamp":"2016-09-20T20:01:27Z", "event":"FSDJump", "StarSystem":"Ralu", "StarPos":[46.719,1.438,-16.156], "Allegiance":"Federation", "Economy":"$economy_Refinery;", "Economy_Localised":"Refinery", "Government":"$government_Democracy;", "Government_Localised":"Democracy", "Security":"$SYSTEM_SECURITY_medium;", "Security_Localised":"Medium Security", "JumpDist":30.071, "FuelUsed":4.223680, "FuelLevel":17.962465, "Faction":"Ralu Independents" }
{ "timestamp":"2016-09-20T20:02:30Z", "event":"FSDJump", "StarSystem":"WISE 0713-2917", "StarPos":[20.156,-3.469,-10.938], "Allegiance":"", "Economy":"$economy_None;", "Economy_Localised":"None", "Government":"$government_None;", "Government_Localised":"None", "Security":"$SYSTEM_SECURITY_low;", "Security_Localised":"Low Security", "JumpDist":27.511, "FuelUsed":3.321429, "FuelLevel":14.641036 }
{ "timestamp":"2016-09-20T20:02:36Z", "event":"SupercruiseExit", "StarSystem":"WISE 0713-2917", "Body":"WISE 0713-2917" }
{ "timestamp":"2016-09-20T20:03:35Z", "event":"HeatWarning" }
{ "timestamp":"2016-09-20T20:03:59Z", "event":"SupercruiseEntry", "StarSystem":"WISE 0713-2917" }
{ "timestamp":"2016-09-20T20:04:55Z", "event":"FSDJump", "StarSystem":"Sol", "StarPos":[0.000,0.000,0.000], "Allegiance":"Federation", "Economy":"$economy_Refinery;", "Economy_Localised":"Refinery", "Government":"$government_Democracy;", "Government_Localised":"Democracy", "Security":"$SYSTEM_SECURITY_high;", "Security_Localised":"High Security", "JumpDist":23.193, "FuelUsed":2.147676, "FuelLevel":12.493361, "Faction":"Mother Gaia" }
{ "timestamp":"2016-09-20T20:06:08Z", "event":"ApproachSettlement", "Name":"Notable Presidents" }
{ "timestamp":"2016-09-20T20:06:09Z", "event":"SupercruiseExit", "StarSystem":"Sol", "Body":"Sol" }
{ "timestamp":"2016-09-20T20:06:30Z", "event":"DataScanned", "Type":"TouristBeacon" }
{ "timestamp":"2016-09-20T20:07:41Z", "event":"SupercruiseEntry", "StarSystem":"Sol" }
{ "timestamp":"2016-09-20T20:09:42Z", "event":"SupercruiseExit", "StarSystem":"Sol", "Body":"Abraham Lincoln" }
{ "timestamp":"2016-09-20T20:10:11Z", "event":"DockingRequested", "StationName":"Abraham Lincoln" }
{ "timestamp":"2016-09-20T20:10:12Z", "event":"DockingGranted", "LandingPad":26, "StationName":"Abraham Lincoln" }
{ "timestamp":"2016-09-20T20:11:00Z", "event":"Docked", "StationName":"Abraham Lincoln", "StationType":"Orbis", "StarSystem":"Sol", "Faction":"Mother Gaia", "Allegiance":"Federation", "Economy":"$economy_Refinery;", "Economy_Localised":"Refinery", "Government":"$government_Democracy;", "Government_Localised":"Democracy", "Security":"$SYSTEM_SECURITY_high;", "Security_Localised":"High Security" }
{ "timestamp":"2016-09-20T20:12:43Z", "event":"SellExplorationData", "Systems":[ "NLTT 26813", "Puppis Sector EL-Y c15", "Col 285 Sector RY-R d4-128", "Puppis Sector ON-T b3-2", "WISE 0713-2917", "Agat Yu", "Ralu", "Dalannovale" ], "Discovered":[  ], "BaseValue":37250, "Bonus":0 }
{ "timestamp":"2016-09-20T20:13:27Z", "event":"Undocked", "StationName":"Abraham Lincoln", "StationType":"Orbis" }
{ "timestamp":"2016-09-20T20:14:46Z", "event":"SupercruiseEntry", "StarSystem":"Sol" }
{ "timestamp":"2016-09-20T20:15:12Z", "event":"SupercruiseExit", "StarSystem":"Sol", "Body":"M.Gorbachev" }
{ "timestamp":"2016-09-20T20:15:22Z", "event":"DockingRequested", "StationName":"M.Gorbachev" }
{ "timestamp":"2016-09-20T20:15:23Z", "event":"DockingGranted", "LandingPad":35, "StationName":"M.Gorbachev" }
{ "timestamp":"2016-09-20T20:16:56Z", "event":"Docked", "StationName":"M.Gorbachev", "StationType":"Orbis", "StarSystem":"Sol", "Faction":"Mother Gaia", "Allegiance":"Federation", "Economy":"$economy_Refinery;", "Economy_Localised":"Refinery", "Government":"$government_Democracy;", "Government_Localised":"Democracy", "Security":"$SYSTEM_SECURITY_high;", "Security_Localised":"High Security" }
{ "timestamp":"2016-09-20T20:21:48Z", "event":"Undocked", "StationName":"M.Gorbachev", "StationType":"Orbis" }
{ "timestamp":"2016-09-20T20:22:57Z", "event":"FSDJump", "StarSystem":"Core Sys Sector OI-T b3-6", "StarPos":[-19.719,-10.063,18.719], "Allegiance":"", "Economy":"$economy_None;", "Economy_Localised":"None", "Government":"$government_None;", "Government_Localised":"None", "Security":"$SYSTEM_SECURITY_low;", "Security_Localised":"Low Security", "JumpDist":28.991, "FuelUsed":3.654993, "FuelLevel":8.208367 }
{ "timestamp":"2016-09-20T20:23:53Z", "event":"FSDJump", "StarSystem":"Liaedin", "StarPos":[-32.031,-5.813,38.125], "Allegiance":"Empire", "Economy":"$economy_Extraction;", "Economy_Localised":"Extraction", "Government":"$government_Patronage;", "Government_Localised":"Patronage", "Security":"$SYSTEM_SECURITY_medium;", "Security_Localised":"Medium Security", "JumpDist":23.372, "FuelUsed":2.113844, "FuelLevel":6.094523, "Faction":"The Silver Skulls", "FactionState":"Retreat" }
{ "timestamp":"2016-09-20T20:25:11Z", "event":"FSDJump", "StarSystem":"LHS 3447", "StarPos":[-43.188,-5.281,56.156], "Allegiance":"Federation", "Economy":"$economy_Agri;", "Economy_Localised":"Agriculture", "Government":"$government_Corporate;", "Government_Localised":"Corporate", "Security":"$SYSTEM_SECURITY_high;", "Security_Localised":"High Security", "JumpDist":21.210, "FuelUsed":1.647362, "FuelLevel":4.447161, "Faction":"LHS 3447 Dynamic & Co" }
{ "timestamp":"2016-09-20T20:35:57Z", "event":"SupercruiseExit", "StarSystem":"LHS 3447", "Body":"Dalton Gateway" }
{ "timestamp":"2016-09-20T20:36:03Z", "event":"ReceiveText", "From":"$cmdr_decorate:#name=Ozma Lee;", "From_Localised":"CMDR Ozma Lee", "Message":"everyone is a beluga" }
{ "timestamp":"2016-09-20T20:36:25Z", "event":"DockingRequested", "StationName":"Dalton Gateway" }
{ "timestamp":"2016-09-20T20:36:27Z", "event":"DockingGranted", "LandingPad":5, "StationName":"Dalton Gateway" }
{ "timestamp":"2016-09-20T20:37:51Z", "event":"Docked", "StationName":"Dalton Gateway", "StationType":"Orbis", "StarSystem":"LHS 3447", "Faction":"LHS 3447 Dynamic & Co", "Allegiance":"Federation", "Economy":"$economy_Agri;", "Economy_Localised":"Agriculture", "Government":"$government_Corporate;", "Government_Localised":"Corporate", "Security":"$SYSTEM_SECURITY_high;", "Security_Localised":"High Security" }
{ "timestamp":"2016-09-20T20:38:45Z", "event":"ModuleSell", "Slot":"SmallHardpoint1", "SellItem":"$hpt_multicannon_gimbal_small_name;", "SellItem_Localised":"Multi-Cannon", "SellPrice":12028, "Ship":"asp", "ShipID":2 }
{ "timestamp":"2016-09-20T20:38:53Z", "event":"ModuleSell", "Slot":"SmallHardpoint2", "SellItem":"$hpt_multicannon_gimbal_small_name;", "SellItem_Localised":"Multi-Cannon", "SellPrice":11928, "Ship":"asp", "ShipID":2 }
{ "timestamp":"2016-09-20T20:39:02Z", "event":"ModuleSell", "Slot":"SmallHardpoint3", "SellItem":"$hpt_multicannon_gimbal_small_name;", "SellItem_Localised":"Multi-Cannon", "SellPrice":12078, "Ship":"asp", "ShipID":2 }
{ "timestamp":"2016-09-20T20:39:10Z", "event":"ModuleSell", "Slot":"SmallHardpoint4", "SellItem":"$hpt_multicannon_gimbal_small_name;", "SellItem_Localised":"Multi-Cannon", "SellPrice":11977, "Ship":"asp", "ShipID":2 }
{ "timestamp":"2016-09-20T20:39:19Z", "event":"ModuleSell", "Slot":"MediumHardpoint1", "SellItem":"$hpt_beamlaser_gimbal_medium_name;", "SellItem_Localised":"Beam Laser", "SellPrice":417303, "Ship":"asp", "ShipID":2 }
{ "timestamp":"2016-09-20T20:39:26Z", "event":"ModuleSell", "Slot":"MediumHardpoint2", "SellItem":"$hpt_beamlaser_gimbal_medium_name;", "SellItem_Localised":"Beam Laser", "SellPrice":418471, "Ship":"asp", "ShipID":2 }
{ "timestamp":"2016-09-20T20:39:37Z", "event":"ModuleSell", "Slot":"TinyHardpoint1", "SellItem":"$hpt_shieldbooster_size0_class5_name;", "SellItem_Localised":"Shield Booster", "SellPrice":237888, "Ship":"asp", "ShipID":2 }
{ "timestamp":"2016-09-20T20:39:41Z", "event":"ModuleSell", "Slot":"TinyHardpoint2", "SellItem":"$hpt_shieldbooster_size0_class5_name;", "SellItem_Localised":"Shield Booster", "SellPrice":235720, "Ship":"asp", "ShipID":2 }
{ "timestamp":"2016-09-20T20:39:45Z", "event":"ModuleSell", "Slot":"TinyHardpoint3", "SellItem":"$hpt_chafflauncher_tiny_name;", "SellItem_Localised":"Chaff", "SellPrice":8338, "Ship":"asp", "ShipID":2 }
{ "timestamp":"2016-09-20T20:39:52Z", "event":"ModuleSell", "Slot":"TinyHardpoint4", "SellItem":"$hpt_shieldbooster_size0_class5_name;", "SellItem_Localised":"Shield Booster", "SellPrice":235363, "Ship":"asp", "ShipID":2 }
{ "timestamp":"2016-09-20T20:40:10Z", "event":"ModuleBuy", "Slot":"Armour", "SellItem":"$asp_armour_grade3_name;", "SellItem_Localised":"Military Grade Composite", "SellPrice":5095783, "BuyItem":"$asp_armour_grade1_name;", "BuyItem_Localised":"Lightweight Alloy", "BuyPrice":0, "Ship":"asp", "ShipID":2 }
{ "timestamp":"2016-09-20T20:40:18Z", "event":"ModuleBuy", "Slot":"PowerPlant", "SellItem":"$int_powerplant_size5_class5_name;", "SellItem_Localised":"Power Plant", "SellPrice":4267572, "BuyItem":"$int_powerplant_size2_class1_name;", "BuyItem_Localised":"Power Plant", "BuyPrice":198, "Ship":"asp", "ShipID":2 }
{ "timestamp":"2016-09-20T20:40:19Z", "event":"ShieldState", "ShieldsUp":false }
{ "timestamp":"2016-09-20T20:40:27Z", "event":"ModuleBuy", "Slot":"MainEngines", "SellItem":"$int_engine_size5_class5_name;", "SellItem_Localised":"Thrusters", "SellPrice":4258544, "BuyItem":"$int_engine_size5_class1_name;", "BuyItem_Localised":"Thrusters", "BuyPrice":6301, "Ship":"asp", "ShipID":2 }
{ "timestamp":"2016-09-20T20:40:33Z", "event":"ModuleBuy", "Slot":"FrameShiftDrive", "SellItem":"$int_hyperdrive_size5_class5_name;", "SellItem_Localised":"FSD", "SellPrice":5008498, "BuyItem":"$int_hyperdrive_size2_class1_name;", "BuyItem_Localised":"FSD", "BuyPrice":198, "Ship":"asp", "ShipID":2 }
{ "timestamp":"2016-09-20T20:40:39Z", "event":"ModuleBuy", "Slot":"LifeSupport", "SellItem":"$int_lifesupport_size4_class5_name;", "SellItem_Localised":"Life Support", "SellPrice":369758, "BuyItem":"$int_lifesupport_size4_class1_name;", "BuyItem_Localised":"Life Support", "BuyPrice":1135, "Ship":"asp", "ShipID":2 }
{ "timestamp":"2016-09-20T20:40:45Z", "event":"ModuleBuy", "Slot":"PowerDistributor", "SellItem":"$int_powerdistributor_size4_class5_name;", "SellItem_Localised":"Power Distributor", "SellPrice":370200, "BuyItem":"$int_powerdistributor_size1_class1_name;", "BuyItem_Localised":"Power Distributor", "BuyPrice":52, "Ship":"asp", "ShipID":2 }
{ "timestamp":"2016-09-20T20:40:56Z", "event":"ModuleBuy", "Slot":"Radar", "SellItem":"$int_sensors_size5_class2_name;", "SellItem_Localised":"Sensors", "SellPrice":78626, "BuyItem":"$int_sensors_size5_class1_name;", "BuyItem_Localised":"Sensors", "BuyPrice":3178, "Ship":"asp", "ShipID":2 }
{ "timestamp":"2016-09-20T20:41:03Z", "event":"ModuleBuy", "Slot":"FuelTank", "SellItem":"$int_fueltank_size5_class3_name;", "SellItem_Localised":"Fuel Tank", "SellPrice":83091, "BuyItem":"$int_fueltank_size1_class3_name;", "BuyItem_Localised":"Fuel Tank", "BuyPrice":100, "Ship":"asp", "ShipID":2 }
{ "timestamp":"2016-09-20T20:41:12Z", "event":"ModuleSell", "Slot":"Slot01_Size6", "SellItem":"$int_cargorack_size6_class1_name;", "SellItem_Localised":"Cargo Rack", "SellPrice":362591, "Ship":"asp", "ShipID":2 }
{ "timestamp":"2016-09-20T20:41:28Z", "event":"ModuleSell", "Slot":"Slot03_Size3", "SellItem":"$int_fueltank_size3_class3_name;", "SellItem_Localised":"Fuel Tank", "SellPrice":7063, "Ship":"asp", "ShipID":2 }
{ "timestamp":"2016-09-20T20:41:32Z", "event":"ModuleSell", "Slot":"Slot04_Size3", "SellItem":"$int_fueltank_size3_class3_name;", "SellItem_Localised":"Fuel Tank", "SellPrice":7063, "Ship":"asp", "ShipID":2 }
{ "timestamp":"2016-09-20T20:41:34Z", "event":"ModuleSell", "Slot":"Slot05_Size3", "SellItem":"$int_shieldgenerator_size3_class5_name;", "SellItem_Localised":"Shield Generator", "SellPrice":506994, "Ship":"asp", "ShipID":2 }
{ "timestamp":"2016-09-20T20:41:37Z", "event":"ModuleSell", "Slot":"Slot06_Size2", "SellItem":"$int_detailedsurfacescanner_tiny_name;", "SellItem_Localised":"Surface Scanner", "SellPrice":212500, "Ship":"asp", "ShipID":2 }
{ "timestamp":"2016-09-20T20:41:41Z", "event":"ModuleSell", "Slot":"Slot07_Size2", "SellItem":"$int_stellarbodydiscoveryscanner_advanced_name;", "SellItem_Localised":"D - Scanner", "SellPrice":1297812, "Ship":"asp", "ShipID":2 }
{ "timestamp":"2016-09-20T20:41:46Z", "event":"ModuleSell", "Slot":"PlanetaryApproachSuite", "SellItem":"$int_planetapproachsuite_name;", "SellItem_Localised":"Planetary Approach Suite", "SellPrice":500, "Ship":"asp", "ShipID":2 }
{ "timestamp":"2016-09-20T20:41:58Z", "event":"ModuleBuy", "Slot":"Slot02_Size5", "SellItem":"$int_cargorack_size5_class1_name;", "SellItem_Localised":"Cargo Rack", "SellPrice":111566, "BuyItem":"$int_cargorack_size1_class1_name;", "BuyItem_Localised":"Cargo Rack", "BuyPrice":100, "Ship":"asp", "ShipID":2 }
{ "timestamp":"2016-09-20T20:42:51Z", "event":"ShipyardBuy", "ShipType":"belugaliner", "ShipPrice":8453276, "SellOldShip":"Asp", "SellShipID":2, "SellPrice":4427811 }
{ "timestamp":"2016-09-20T20:42:53Z", "event":"ShipyardNew", "ShipType":"belugaliner", "NewShipID":2 }
{ "timestamp":"2016-09-20T20:43:04Z", "event":"Docked", "StationName":"Dalton Gateway", "StationType":"Orbis", "StarSystem":"LHS 3447", "Faction":"LHS 3447 Dynamic & Co", "Allegiance":"Federation", "Economy":"$economy_Agri;", "Economy_Localised":"Agriculture", "Government":"$government_Corporate;", "Government_Localised":"Corporate", "Security":"$SYSTEM_SECURITY_high;", "Security_Localised":"High Security" }
{ "timestamp":"2016-09-20T20:44:22Z", "event":"ModuleBuy", "Slot":"PowerPlant", "SellItem":"$int_powerplant_size6_class1_name;", "SellItem_Localised":"Power Plant", "SellPrice":19975, "BuyItem":"$int_powerplant_size6_class5_name;", "BuyItem_Localised":"Power Plant", "BuyPrice":1617953, "Ship":"belugaliner", "ShipID":2 }
{ "timestamp":"2016-09-20T20:44:23Z", "event":"ShieldState", "ShieldsUp":false }
{ "timestamp":"2016-09-20T20:44:25Z", "event":"ShieldState", "ShieldsUp":true }
{ "timestamp":"2016-09-20T20:44:29Z", "event":"ModuleBuy", "Slot":"MainEngines", "SellItem":"$int_engine_size7_class1_name;", "SellItem_Localised":"Thrusters", "SellPrice":63320, "BuyItem":"$int_engine_size7_class5_name;", "BuyItem_Localised":"Thrusters", "BuyPrice":5128911, "Ship":"belugaliner", "ShipID":2 }
{ "timestamp":"2016-09-20T20:44:36Z", "event":"ModuleBuy", "Slot":"FrameShiftDrive", "SellItem":"$int_hyperdrive_size7_class1_name;", "SellItem_Localised":"FSD", "SellPrice":63320, "BuyItem":"$int_hyperdrive_size7_class5_name;", "BuyItem_Localised":"FSD", "BuyPrice":5128911, "Ship":"belugaliner", "ShipID":2 }
{ "timestamp":"2016-09-20T20:44:50Z", "event":"ModuleBuy", "Slot":"LifeSupport", "SellItem":"$int_lifesupport_size8_class1_name;", "SellItem_Localised":"Life Support", "SellPrice":69758, "BuyItem":"$int_lifesupport_size8_class2_name;", "BuyItem_Localised":"Life Support", "BuyPrice":174396, "Ship":"belugaliner", "ShipID":2 }
{ "timestamp":"2016-09-20T20:45:08Z", "event":"ModuleBuy", "Slot":"PowerDistributor", "SellItem":"$int_powerdistributor_size6_class1_name;", "SellItem_Localised":"Power Distributor", "SellPrice":8898, "BuyItem":"$int_powerdistributor_size6_class5_name;", "BuyItem_Localised":"Power Distributor", "BuyPrice":347569, "Ship":"belugaliner", "ShipID":2 }
{ "timestamp":"2016-09-20T20:45:22Z", "event":"ModuleBuy", "Slot":"Radar", "SellItem":"$int_sensors_size5_class1_name;", "SellItem_Localised":"Sensors", "SellPrice":3178, "BuyItem":"$int_sensors_size5_class5_name;", "BuyItem_Localised":"Sensors", "BuyPrice":124132, "Ship":"belugaliner", "ShipID":2 }
{ "timestamp":"2016-09-20T20:47:23Z", "event":"ModuleBuy", "Slot":"Slot01_Size6", "SellItem":"$int_shieldgenerator_size6_class1_name;", "SellItem_Localised":"Shield Generator", "SellPrice":19975, "BuyItem":"$int_shieldgenerator_size6_class3_fast_name;", "BuyItem_Localised":"Bi-Weave Shield", "BuyPrice":269659, "Ship":"belugaliner", "ShipID":2 }
{ "timestamp":"2016-09-20T20:48:52Z", "event":"ModuleBuy", "Slot":"Slot07_Size4", "SellItem":"$int_cargorack_size3_class1_name;", "SellItem_Localised":"Cargo Rack", "SellPrice":1056, "BuyItem":"$int_buggybay_size4_class2_name;", "BuyItem_Localised":"Planetary Vehicle Hangar", "BuyPrice":8640, "Ship":"belugaliner", "ShipID":2 }
{ "timestamp":"2016-09-20T20:50:01Z", "event":"ModuleBuy", "Slot":"Slot06_Size5", "SellItem":"$int_passengercabin_size4_class2_name;", "SellItem_Localised":"BC Passenger Cabin", "SellPrice":5686, "BuyItem":"$int_passengercabin_size5_class4_name;", "BuyItem_Localised":"LC Passenger Cabin", "BuyPrice":165810, "Ship":"belugaliner", "ShipID":2 }
{ "timestamp":"2016-09-20T20:51:27Z", "event":"ModuleBuy", "Slot":"Slot02_Size6", "SellItem":"$int_cargorack_size5_class1_name;", "SellItem_Localised":"Cargo Rack", "SellPrice":11157, "BuyItem":"$int_fighterbay_size6_class1_name;", "BuyItem_Localised":"Fighter Hangar", "BuyPrice":18600, "Ship":"belugaliner", "ShipID":2 }
{ "timestamp":"2016-09-20T20:52:48Z", "event":"ModuleBuy", "Slot":"Decal1", "BuyItem":"$decal_paxprime_name;", "BuyItem_Localised":"PAX", "BuyPrice":0, "Ship":"belugaliner", "ShipID":2 }
{ "timestamp":"2016-09-20T20:53:33Z", "event":"CrewHire", "Name":"Darcy Owen", "Faction":"LHS 3447 Dynamic & Co", "Cost":150000, "CombatRank":4 }
{ "timestamp":"2016-09-20T20:53:39Z", "event":"CrewAssign", "Name":"Darcy Owen", "Role":"Active" }
{ "timestamp":"2016-09-20T20:55:37Z", "event":"MissionAccepted", "Faction":"Future of LHS 3447", "Name":"Mission_PassengerBulk_AIDWORKER_ARRIVING", "DestinationSystem":"Chamunda", "DestinationStation":"Gidzenko Ring", "Expiry":"2016-09-20T23:17:37Z", "PassengerCount":13, "PassengerVIPs":false, "PassengerWanted":false, "PassengerType":"AidWorker", "MissionID":26475265 }
{ "timestamp":"2016-09-20T20:56:16Z", "event":"MissionAccepted", "Faction":"Freedom Party of LHS 3447", "Name":"Mission_PassengerBulk_AIDWORKER_ARRIVING", "DestinationSystem":"Chamunda", "DestinationStation":"Gidzenko Ring", "Expiry":"2016-09-20T23:07:29Z", "PassengerCount":11, "PassengerVIPs":false, "PassengerWanted":false, "PassengerType":"AidWorker", "MissionID":26475277 }
{ "timestamp":"2016-09-20T20:57:29Z", "event":"Undocked", "StationName":"Dalton Gateway", "StationType":"Orbis" }
{ "timestamp":"2016-09-20T20:58:49Z", "event":"SendText", "To":"local", "Message":"this ship is bigger than I thought :) #firstscratch" }
{ "timestamp":"2016-09-20T20:59:56Z", "event":"FSDJump", "StarSystem":"Chamunda", "StarPos":[-47.219,-6.781,62.125], "Allegiance":"Federation", "Economy":"$economy_Industrial;", "Economy_Localised":"Industrial", "Government":"$government_Democracy;", "Government_Localised":"Democracy", "Security":"$SYSTEM_SECURITY_medium;", "Security_Localised":"Medium Security", "JumpDist":7.357, "FuelUsed":0.741489, "FuelLevel":31.258511, "Faction":"Revolutionary Party of Chamunda" }
{ "timestamp":"2016-09-20T21:02:43Z", "event":"EscapeInterdiction", "Interdictor":"Bodge it and Scarper", "IsPlayer":false }
{ "timestamp":"2016-09-20T21:03:32Z", "event":"Interdicted", "Submitted":true, "Interdictor":"Oscarlucy", "IsPlayer":false, "Faction":"Mbukuravi Shared" }
{ "timestamp":"2016-09-20T21:03:33Z", "event":"SupercruiseExit", "StarSystem":"Chamunda", "Body":"Chamunda B" }
{ "timestamp":"2016-09-20T21:03:49Z", "event":"LaunchFighter", "Loadout":"one", "PlayerControlled":false }
{ "timestamp":"2016-09-20T21:04:57Z", "event":"VehicleSwitch", "To":"Fighter" }
{ "timestamp":"2016-09-20T21:05:00Z", "event":"DockFighter" }
{ "timestamp":"2016-09-20T21:05:27Z", "event":"LaunchFighter", "Loadout":"zero", "PlayerControlled":true }
{ "timestamp":"2016-09-20T21:07:09Z", "event":"Screenshot", "Filename":"\\ED_Pictures\\Screenshot_0000.bmp", "Width":2560, "Height":1440, "System":"Chamunda", "Body":"Chamunda B" }
{ "timestamp":"2016-09-20T21:09:32Z", "event":"DockFighter" }
{ "timestamp":"2016-09-20T21:09:50Z", "event":"SupercruiseEntry", "StarSystem":"Chamunda" }
{ "timestamp":"2016-09-20T21:10:41Z", "event":"Interdicted", "Submitted":true, "Interdictor":"Bodge it and Scarper", "IsPlayer":false, "Faction":"Movement for Uzumeru Partnership" }
{ "timestamp":"2016-09-20T21:10:42Z", "event":"SupercruiseExit", "StarSystem":"Chamunda", "Body":"Chamunda B 1" }
{ "timestamp":"2016-09-20T21:10:48Z", "event":"LaunchFighter", "Loadout":"one", "PlayerControlled":false }
{ "timestamp":"2016-09-20T21:12:31Z", "event":"SupercruiseEntry", "StarSystem":"Chamunda" }
{ "timestamp":"2016-09-20T21:12:55Z", "event":"SupercruiseExit", "StarSystem":"Chamunda", "Body":"Gidzenko Ring" }
{ "timestamp":"2016-09-20T21:13:01Z", "event":"LaunchFighter", "Loadout":"one", "PlayerControlled":false }
{ "timestamp":"2016-09-20T21:13:53Z", "event":"MaterialCollected", "Category":"Encoded", "Name":"shielddensityreports" }
{ "timestamp":"2016-09-20T21:14:09Z", "event":"Bounty", "Faction":"Revolutionary Party of Chamunda", "Reward":1950, "VictimFaction":"Mbukuravi Shared" }
{ "timestamp":"2016-09-20T21:15:04Z", "event":"DockingRequested", "StationName":"Gidzenko Ring" }
{ "timestamp":"2016-09-20T21:15:05Z", "event":"DockingGranted", "LandingPad":39, "StationName":"Gidzenko Ring" }
{ "timestamp":"2016-09-20T21:17:40Z", "event":"Docked", "StationName":"Gidzenko Ring", "StationType":"Bernal", "StarSystem":"Chamunda", "Faction":"Revolutionary Party of Chamunda", "Allegiance":"Federation", "Economy":"$economy_Industrial;", "Economy_Localised":"Industrial", "Government":"$government_Democracy;", "Government_Localised":"Democracy", "Security":"$SYSTEM_SECURITY_medium;", "Security_Localised":"Medium Security" }
{ "timestamp":"2016-09-20T21:18:01Z", "event":"MissionCompleted", "Faction":"Chamunda Crimson Gang", "Name":"Mission_PassengerBulk_AIDWORKER_ARRIVING_name", "MissionID":26475277, "DestinationSystem":"Chamunda", "DestinationStation":"Gidzenko Ring", "Reward":0 }
{ "timestamp":"2016-09-20T21:18:29Z", "event":"Screenshot", "Filename":"\\ED_Pictures\\Screenshot_0000.bmp", "Width":2560, "Height":1440, "System":"Chamunda", "Body":"Gidzenko Ring" }
{ "timestamp":"2016-09-20T21:18:38Z", "event":"MissionCompleted", "Faction":"Traditional Chamunda Nationalists", "Name":"Mission_PassengerBulk_AIDWORKER_ARRIVING_name", "MissionID":26475265, "DestinationSystem":"Chamunda", "DestinationStation":"Gidzenko Ring", "Reward":0 }
{ "timestamp":"2016-09-20T21:20:01Z", "event":"ModuleBuy", "Slot":"Slot11_Size3", "SellItem":"$int_stellarbodydiscoveryscanner_standard_name;", "SellItem_Localised":"D - Scanner", "SellPrice":100, "BuyItem":"$int_stellarbodydiscoveryscanner_advanced_name;", "BuyItem_Localised":"D - Scanner", "BuyPrice":154500, "Ship":"belugaliner", "ShipID":2 }
{ "timestamp":"2016-09-20T21:20:14Z", "event":"ModuleBuy", "Slot":"Slot10_Size3", "BuyItem":"$int_detailedsurfacescanner_tiny_name;", "BuyItem_Localised":"Surface Scanner", "BuyPrice":25000, "Ship":"belugaliner", "ShipID":2 }
{ "timestamp":"2016-09-20T21:20:51Z", "event":"ModuleBuy", "Slot":"Slot08_Size3", "SellItem":"$int_cargorack_size2_class1_name;", "SellItem_Localised":"Cargo Rack", "SellPrice":325, "BuyItem":"$int_cargorack_size3_class1_name;", "BuyItem_Localised":"Cargo Rack", "BuyPrice":1056, "Ship":"belugaliner", "ShipID":2 }
{ "timestamp":"2016-09-20T21:21:00Z", "event":"ModuleBuy", "Slot":"Slot09_Size3", "BuyItem":"$int_cargorack_size3_class1_name;", "BuyItem_Localised":"Cargo Rack", "BuyPrice":1056, "Ship":"belugaliner", "ShipID":2 }
{ "timestamp":"2016-09-20T21:21:21Z", "event":"ModuleBuy", "Slot":"TinyHardpoint1", "BuyItem":"$hpt_electroniccountermeasure_tiny_name;", "BuyItem_Localised":"ECM", "BuyPrice":1250, "Ship":"belugaliner", "ShipID":2 }
{ "timestamp":"2016-09-20T21:21:34Z", "event":"ModuleBuy", "Slot":"TinyHardpoint2", "BuyItem":"$hpt_shieldbooster_size0_class5_name;", "BuyItem_Localised":"Shield Booster", "BuyPrice":28100, "Ship":"belugaliner", "ShipID":2 }
{ "timestamp":"2016-09-20T21:21:41Z", "event":"ModuleBuy", "Slot":"TinyHardpoint3", "BuyItem":"$hpt_shieldbooster_size0_class5_name;", "BuyItem_Localised":"Shield Booster", "BuyPrice":28100, "Ship":"belugaliner", "ShipID":2 }
{ "timestamp":"2016-09-20T21:22:14Z", "event":"ModuleBuy", "Slot":"MediumHardpoint1", "SellItem":"$hpt_pulselaser_fixed_small_name;", "SellItem_Localised":"Pulse Laser", "SellPrice":220, "BuyItem":"$hpt_beamlaser_gimbal_medium_name;", "BuyItem_Localised":"Beam Laser", "BuyPrice":45054, "Ship":"belugaliner", "ShipID":2 }
{ "timestamp":"2016-09-20T21:22:28Z", "event":"ModuleBuy", "Slot":"MediumHardpoint2", "SellItem":"$hpt_pulselaser_fixed_small_name;", "SellItem_Localised":"Pulse Laser", "SellPrice":220, "BuyItem":"$hpt_beamlaser_gimbal_medium_name;", "BuyItem_Localised":"Beam Laser", "BuyPrice":45054, "Ship":"belugaliner", "ShipID":2 }
{ "timestamp":"2016-09-20T21:22:54Z", "event":"ModuleBuy", "Slot":"MediumHardpoint3", "BuyItem":"$hpt_minelauncher_fixed_medium_name;", "BuyItem_Localised":"Mine Launcher", "BuyPrice":26468, "Ship":"belugaliner", "ShipID":2 }
{ "timestamp":"2016-09-20T21:23:16Z", "event":"ModuleBuy", "Slot":"MediumHardpoint5", "BuyItem":"$hpt_basicmissilerack_fixed_medium_name;", "BuyItem_Localised":"Seeker Missile Rack", "BuyPrice":46116, "Ship":"belugaliner", "ShipID":2 }
{ "timestamp":"2016-09-20T21:23:44Z", "event":"ModuleBuy", "Slot":"MediumHardpoint4", "BuyItem":"$hpt_minelauncher_fixed_medium_name;", "BuyItem_Localised":"Mine Launcher", "BuyPrice":26468, "Ship":"belugaliner", "ShipID":2 }
{ "timestamp":"2016-09-20T21:23:59Z", "event":"ModuleSell", "Slot":"MediumHardpoint4", "SellItem":"$hpt_minelauncher_fixed_medium_name;", "SellItem_Localised":"Mine Launcher", "SellPrice":26468, "Ship":"belugaliner", "ShipID":2 }
{ "timestamp":"2016-09-20T21:27:59Z", "event":"ModuleBuy", "Slot":"Slot08_Size3", "SellItem":"$int_cargorack_size3_class1_name;", "SellItem_Localised":"Cargo Rack", "SellPrice":1056, "BuyItem":"$int_fuelscoop_size3_class5_name;", "BuyItem_Localised":"Fuel Scoop", "BuyPrice":90295, "Ship":"belugaliner", "ShipID":2 }
{ "timestamp":"2016-09-20T21:28:37Z", "event":"Undocked", "StationName":"Gidzenko Ring", "StationType":"Bernal" }
{ "timestamp":"2016-09-20T21:30:32Z", "event":"FSDJump", "StarSystem":"Alrai Sector IW-W b1-4", "StarPos":[-38.656,-20.156,49.250], "Allegiance":"", "Economy":"$economy_None;", "Economy_Localised":"None", "Government":"$government_None;", "Government_Localised":"None", "Security":"$SYSTEM_SECURITY_low;", "Security_Localised":"Low Security", "JumpDist":20.444, "FuelUsed":12.758422, "FuelLevel":18.500088 }
{ "timestamp":"2016-09-20T21:31:10Z", "event":"FuelScoop", "Scooped":1.394894, "Total":19.894981 }
{ "timestamp":"2016-09-20T21:31:21Z", "event":"LoadGame", "Commander":"MagicMau", "Ship":"BelugaLiner", "ShipID":2, "GameMode":"Open", "Credits":125093442, "Loan":0 }
{ "timestamp":"2016-09-20T21:31:21Z", "event":"Rank", "Combat":4, "Trade":4, "Explore":6, "Empire":2, "Federation":6, "CQC":0 }
{ "timestamp":"2016-09-20T21:31:21Z", "event":"Progress", "Combat":26, "Trade":52, "Explore":60, "Empire":37, "Federation":44, "CQC":83 }
{ "timestamp":"2016-09-20T21:31:35Z", "event":"Location", "StarSystem":"Alrai Sector IW-W b1-4", "StarPos":[-38.656,-20.156,49.250], "Allegiance":"", "Economy":"$economy_None;", "Economy_Localised":"None", "Government":"$government_None;", "Government_Localised":"None", "Security":"$SYSTEM_SECURITY_low;", "Security_Localised":"Low Security" }
{ "timestamp":"2016-09-20T21:32:34Z", "event":"FSDJump", "StarSystem":"Volungu", "StarPos":[-25.500,-10.500,36.969], "Allegiance":"Federation", "Economy":"$economy_Refinery;", "Economy_Localised":"Refinery", "Government":"$government_Corporate;", "Government_Localised":"Corporate", "Security":"$SYSTEM_SECURITY_low;", "Security_Localised":"Low Security", "JumpDist":20.424, "FuelUsed":12.486875, "FuelLevel":7.408107, "Faction":"Volungu Crimson Fortune Company" }
{ "timestamp":"2016-09-20T21:36:26Z", "event":"FuelScoop", "Scooped":24.591892, "Total":32.000000 }
{ "timestamp":"2016-09-20T21:37:08Z", "event":"FSDJump", "StarSystem":"LHS 501", "StarPos":[-19.125,-23.000,28.563], "Allegiance":"", "Economy":"$economy_None;", "Economy_Localised":"None", "Government":"$government_None;", "Government_Localised":"None", "Security":"$SYSTEM_SECURITY_low;", "Security_Localised":"Low Security", "JumpDist":16.357, "FuelUsed":6.917339, "FuelLevel":25.082661 }
{ "timestamp":"2016-09-20T21:37:42Z", "event":"FuelScoop", "Scooped":1.670177, "Total":26.752838 }
{ "timestamp":"2016-09-20T21:38:09Z", "event":"FSDJump", "StarSystem":"Core Sys Sector BB-O a6-1", "StarPos":[-19.156,-32.813,18.094], "Allegiance":"", "Economy":"$economy_None;", "Economy_Localised":"None", "Government":"$government_None;", "Government_Localised":"None", "Security":"$SYSTEM_SECURITY_low;", "Security_Localised":"Low Security", "JumpDist":14.349, "FuelUsed":4.782948, "FuelLevel":21.159889 }
{ "timestamp":"2016-09-20T21:39:10Z", "event":"FSDJump", "StarSystem":"Murungh", "StarPos":[-12.844,-42.125,7.563], "Allegiance":"Federation", "Economy":"$economy_Refinery;", "Economy_Localised":"Refinery", "Government":"$government_Corporate;", "Government_Localised":"Corporate", "Security":"$SYSTEM_SECURITY_medium;", "Security_Localised":"Medium Security", "JumpDist":15.410, "FuelUsed":5.766776, "FuelLevel":15.393114, "Faction":"LP 932-12 Dynamic Inc" }
{ "timestamp":"2016-09-20T21:40:09Z", "event":"FSDJump", "StarSystem":"Rod", "StarPos":[-3.219,-50.563,0.688], "Allegiance":"Federation", "Economy":"$economy_Colony;", "Economy_Localised":"Colony", "Government":"$government_Democracy;", "Government_Localised":"Democracy", "Security":"$SYSTEM_SECURITY_medium;", "Security_Localised":"Medium Security", "JumpDist":14.529, "FuelUsed":4.857887, "FuelLevel":10.535227, "Faction":"Union of Rod Future" }
{ "timestamp":"2016-09-20T21:41:13Z", "event":"FuelScoop", "Scooped":2.555197, "Total":13.090424 }
{ "timestamp":"2016-09-20T21:41:47Z", "event":"FSDJump", "StarSystem":"LFT 133", "StarPos":[3.563,-59.875,-7.250], "Allegiance":"Federation", "Economy":"$economy_Industrial;", "Economy_Localised":"Industrial", "Government":"$government_Democracy;", "Government_Localised":"Democracy", "Security":"$SYSTEM_SECURITY_high;", "Security_Localised":"High Security", "JumpDist":13.990, "FuelUsed":4.360885, "FuelLevel":8.729538, "Faction":"AEF Legion of LFT 133" }
{ "timestamp":"2016-09-20T21:42:03Z", "event":"SupercruiseExit", "StarSystem":"LFT 133", "Body":"LFT 133" }
{ "timestamp":"2016-09-20T21:42:12Z", "event":"LaunchFighter", "Loadout":"one", "PlayerControlled":true }
{ "timestamp":"2016-09-20T21:44:35Z", "event":"Screenshot", "Filename":"\\ED_Pictures\\Screenshot_0000.bmp", "Width":2560, "Height":1440, "System":"LFT 133", "Body":"LFT 133" }
{ "timestamp":"2016-09-20T21:45:14Z", "event":"Screenshot", "Filename":"\\ED_Pictures\\Screenshot_0000.bmp", "Width":2560, "Height":1440, "System":"LFT 133", "Body":"LFT 133" }
{ "timestamp":"2016-09-20T21:46:41Z", "event":"DockFighter" }
{ "timestamp":"2016-09-20T21:47:24Z", "event":"SupercruiseEntry", "StarSystem":"LFT 133" }
{ "timestamp":"2016-09-20T21:51:32Z", "event":"SupercruiseExit", "StarSystem":"LFT 133", "Body":"Sullivan Dock" }
{ "timestamp":"2016-09-20T21:52:04Z", "event":"DockingRequested", "StationName":"Sullivan Dock" }
{ "timestamp":"2016-09-20T21:52:08Z", "event":"DockingGranted", "LandingPad":17, "StationName":"Sullivan Dock" }
{ "timestamp":"2016-09-20T21:56:17Z", "event":"LoadGame", "Commander":"MagicMau", "Ship":"BelugaLiner", "ShipID":2, "GameMode":"Open", "Credits":125093442, "Loan":0 }
{ "timestamp":"2016-09-20T21:56:17Z", "event":"Rank", "Combat":4, "Trade":4, "Explore":6, "Empire":2, "Federation":6, "CQC":0 }
{ "timestamp":"2016-09-20T21:56:17Z", "event":"Progress", "Combat":26, "Trade":52, "Explore":60, "Empire":37, "Federation":44, "CQC":83 }
{ "timestamp":"2016-09-20T21:56:37Z", "event":"Location", "StarSystem":"LFT 133", "StarPos":[3.563,-59.875,-7.250], "Allegiance":"Federation", "Economy":"$economy_Industrial;", "Economy_Localised":"Industrial", "Government":"$government_Democracy;", "Government_Localised":"Democracy", "Security":"$SYSTEM_SECURITY_high;", "Security_Localised":"High Security", "Faction":"AEF Legion of LFT 133" }
{ "timestamp":"2016-09-20T21:57:00Z", "event":"DockingRequested", "StationName":"Sullivan Dock" }
{ "timestamp":"2016-09-20T21:57:03Z", "event":"DockingGranted", "LandingPad":2, "StationName":"Sullivan Dock" }
{ "timestamp":"2016-09-20T21:58:55Z", "event":"Docked", "StationName":"Sullivan Dock", "StationType":"Coriolis", "StarSystem":"LFT 133", "Faction":"AEF Legion of LFT 133", "Allegiance":"Federation", "Economy":"$economy_Industrial;", "Economy_Localised":"Industrial", "Government":"$government_Democracy;", "Government_Localised":"Democracy", "Security":"$SYSTEM_SECURITY_high;", "Security_Localised":"High Security" }
{ "timestamp":"2016-09-20T21:59:24Z", "event":"CommunityGoalReward", "Name":"Appeal for Gold in LFT 133", "System":"LFT 133", "Reward":40642560 }
{ "timestamp":"2016-09-20T22:00:03Z", "event":"Repair", "Item":"All", "Cost":10 }
{ "timestamp":"2016-09-20T22:00:11Z", "event":"BuyAmmo", "Cost":17250 }
