{ "timestamp":"2016-10-25T19:00:38Z", "event":"Fileheader", "part":1, "language":"English\\UK", "gameversion":"2.2", "build":"r124484/r0 " }
{ "timestamp":"2016-10-25T19:01:01Z", "event":"LoadGame", "Commander":"MagicMau", "Ship":"Asp", "ShipID":2, "GameMode":"Open", "Credits":130441324, "Loan":0 }
{ "timestamp":"2016-10-25T19:01:01Z", "event":"Rank", "Combat":4, "Trade":4, "Explore":6, "Empire":2, "Federation":6, "CQC":0 }
{ "timestamp":"2016-10-25T19:01:01Z", "event":"Progress", "Combat":27, "Trade":52, "Explore":60, "Empire":37, "Federation":44, "CQC":83 }
{ "timestamp":"2016-10-25T19:01:32Z", "event":"Location", "Docked":true, "StationName":"Keldysh Gateway", "StationType":"Coriolis", "StarSystem":"Baldr", "StarPos":[-43.656,-61.594,-68.031], "Allegiance":"Empire", "Economy":"$economy_Service;", "Economy_Localised":"Service", "Government":"$government_Patronage;", "Government_Localised":"Patronage", "Security":"$SYSTEM_SECURITY_medium;", "Security_Localised":"Medium Security", "Body":"Keldysh Gateway", "BodyType":"Station", "Faction":"Baldr Empire League" }
{ "timestamp":"2016-10-25T19:01:32Z", "event":"Docked", "StationName":"Keldysh Gateway", "StationType":"Coriolis", "StarSystem":"Baldr", "Faction":"Baldr Empire League", "Allegiance":"Empire", "Economy":"$economy_Service;", "Economy_Localised":"Service", "Government":"$government_Patronage;", "Government_Localised":"Patronage", "Security":"$SYSTEM_SECURITY_medium;", "Security_Localised":"Medium Security" }
{ "timestamp":"2016-10-25T19:17:12Z", "event":"CommunityGoalJoin", "Name":"Farewell to Walter Waldo", "System":"Gyvatices" }
{ "timestamp":"2016-10-25T19:19:10Z", "event":"RefuelAll", "Cost":472, "Amount":9.421300 }
{ "timestamp":"2016-10-25T19:19:40Z", "event":"Undocked", "StationName":"Keldysh Gateway", "StationType":"Coriolis" }
{ "timestamp":"2016-10-25T19:20:31Z", "event":"ReceiveText", "From":"$ShipName_Police_Empire;", "From_Localised":"Internal Security Service", "Message":"$Police_ThankYouPassedStopAndSearch08;", "Message_Localised":"All done and you're clear to proceed, Commander.", "Channel":"npc" }
{ "timestamp":"2016-10-25T19:20:32Z", "event":"ReceiveText", "From":"Keldysh Gateway", "Message":"$STATION_NoFireZone_exited;", "Message_Localised":"No fire zone left.", "Channel":"npc" }
{ "timestamp":"2016-10-25T19:21:16Z", "event":"FSDJump", "StarSystem":"Tangaroa", "StarPos":[-44.813,-61.688,-69.688], "Allegiance":"Empire", "Economy":"$economy_Agri;", "Economy_Localised":"Agriculture", "Government":"$government_Patronage;", "Government_Localised":"Patronage", "Security":"$SYSTEM_SECURITY_medium;", "Security_Localised":"Medium Security", "JumpDist":2.022, "FuelUsed":0.006438, "FuelLevel":47.993561, "Faction":"Tangaroa Empire League", "FactionState":"Boom" }
{ "timestamp":"2016-10-25T19:21:58Z", "event":"ReceiveText", "From":"$npc_name_decorate:#name=Cruise Ship;", "From_Localised":"Cruise Ship", "Message":"$CruiseLiner_SCPatrol05;", "Message_Localised":"This is your captain. Due to some unforeseen delays, we will be arriving at our next destination later than scheduled.", "Channel":"npc" }
{ "timestamp":"2016-10-25T19:22:38Z", "event":"ReceiveText", "From":"$npc_name_decorate:#name=Cruise Ship;", "From_Localised":"Cruise Ship", "Message":"$CruiseLiner_SCPatrol05;", "Message_Localised":"This is your captain. Due to some unforeseen delays, we will be arriving at our next destination later than scheduled.", "Channel":"npc" }
{ "timestamp":"2016-10-25T19:23:16Z", "event":"ReceiveText", "From":"$npc_name_decorate:#name=Cruise Ship;", "From_Localised":"Cruise Ship", "Message":"$CruiseLiner_SCPatrol05;", "Message_Localised":"This is your captain. Due to some unforeseen delays, we will be arriving at our next destination later than scheduled.", "Channel":"npc" }
{ "timestamp":"2016-10-25T19:23:28Z", "event":"SupercruiseExit", "StarSystem":"Tangaroa", "Body":"Sovica", "BodyType":"Station" }
{ "timestamp":"2016-10-25T19:23:30Z", "event":"ReceiveText", "From":"Sovica", "Message":"$STATION_NoFireZone_entered;", "Message_Localised":"No fire zone entered.", "Channel":"npc" }
{ "timestamp":"2016-10-25T19:23:37Z", "event":"DockingRequested", "StationName":"Sovica" }
{ "timestamp":"2016-10-25T19:23:37Z", "event":"ReceiveText", "From":"Sovica", "Message":"$DockingChatter_Neutral;", "Message_Localised":"Ensure to observe starport protocol during your visit, pilot.", "Channel":"npc" }
{ "timestamp":"2016-10-25T19:23:38Z", "event":"ReceiveText", "From":"Sovica", "Message":"$STATION_docking_granted;", "Message_Localised":"Docking request granted.", "Channel":"npc" }
{ "timestamp":"2016-10-25T19:23:38Z", "event":"DockingGranted", "LandingPad":37, "StationName":"Sovica" }
{ "timestamp":"2016-10-25T19:25:05Z", "event":"Docked", "StationName":"Sovica", "StationType":"Orbis", "StarSystem":"Tangaroa", "Faction":"Tangaroa Empire League", "FactionState":"Boom", "Allegiance":"Empire", "Economy":"$economy_Agri;", "Economy_Localised":"Agriculture", "Government":"$government_Patronage;", "Government_Localised":"Patronage", "Security":"$SYSTEM_SECURITY_medium;", "Security_Localised":"Medium Security" }
{ "timestamp":"2016-10-25T19:30:52Z", "event":"MarketBuy", "Type":"coffee", "Count":95, "BuyPrice":1087, "TotalCost":103265 }
{ "timestamp":"2016-10-25T19:31:26Z", "event":"Undocked", "StationName":"Sovica", "StationType":"Orbis" }
{ "timestamp":"2016-10-25T19:32:12Z", "event":"ReceiveText", "From":"$ShipName_Police_Empire;", "From_Localised":"Internal Security Service", "Message":"$Police_ThankYouPassedStopAndSearch06;", "Message_Localised":"We're done here pilot, move along.", "Channel":"npc" }
{ "timestamp":"2016-10-25T19:32:34Z", "event":"ReceiveText", "From":"Sovica", "Message":"$STATION_NoFireZone_exited;", "Message_Localised":"No fire zone left.", "Channel":"npc" }
{ "timestamp":"2016-10-25T19:32:54Z", "event":"FSDJump", "StarSystem":"Piscium Sector IW-W b1-2", "StarPos":[-24.938,-70.094,-57.094], "Allegiance":"", "Economy":"$economy_None;", "Economy_Localised":"None", "Government":"$government_None;", "Government_Localised":"None", "Security":"$SYSTEM_SECURITY_low;", "Security_Localised":"Low Security", "JumpDist":24.986, "FuelUsed":4.704286, "FuelLevel":43.289276 }
{ "timestamp":"2016-10-25T19:33:18Z", "event":"Scan", "BodyName":"Piscium Sector IW-W b1-2", "DistanceFromArrivalLS":0.000000, "StarType":"M", "StellarMass":0.406250, "Radius":391197504.000000, "AbsoluteMagnitude":8.400040, "Age_MY":3606, "SurfaceTemperature":3387.000000, "RotationPeriod":282454.406250 }
{ "timestamp":"2016-10-25T19:34:22Z", "event":"FSDJump", "StarSystem":"HERZ 10688", "StarPos":[-4.313,-74.313,-42.813], "Allegiance":"Federation", "Economy":"$economy_Refinery;", "Economy_Localised":"Refinery", "Government":"$government_Confederacy;", "Government_Localised":"Confederacy", "Security":"$SYSTEM_SECURITY_low;", "Security_Localised":"Low Security", "JumpDist":25.439, "FuelUsed":4.819838, "FuelLevel":38.469437, "Faction":"Confederacy of Cochipati" }
{ "timestamp":"2016-10-25T19:35:31Z", "event":"FSDJump", "StarSystem":"Ceti Sector FW-V b2-2", "StarPos":[19.375,-75.063,-33.719], "Allegiance":"", "Economy":"$economy_None;", "Economy_Localised":"None", "Government":"$government_None;", "Government_Localised":"None", "Security":"$SYSTEM_SECURITY_low;", "Security_Localised":"Low Security", "JumpDist":25.384, "FuelUsed":4.697422, "FuelLevel":33.772015 }
{ "timestamp":"2016-10-25T19:35:54Z", "event":"Scan", "BodyName":"Ceti Sector FW-V b2-2 A", "DistanceFromArrivalLS":0.000000, "StarType":"TTS", "StellarMass":0.371094, "Radius":405099872.000000, "AbsoluteMagnitude":9.328278, "Age_MY":88, "SurfaceTemperature":2688.000000, "SemiMajorAxis":34168754929664.000000, "Eccentricity":0.157936, "OrbitalInclination":28.962336, "Periapsis":60.646774, "OrbitalPeriod":1272386027520.000000, "RotationPeriod":170802.062500, "Rings":[ { "Name":"Ceti Sector FW-V b2-2 A A Belt", "RingClass":"eRingClass_Rocky", "MassMT":8.5203e+13, "InnerRad":6.6841e+08, "OuterRad":1.8596e+09 } ] }
{ "timestamp":"2016-10-25T19:36:50Z", "event":"FSDJump", "StarSystem":"LFT 238", "StarPos":[37.563,-83.438,-22.875], "Allegiance":"", "Economy":"$economy_None;", "Economy_Localised":"None", "Government":"$government_None;", "Government_Localised":"None", "Security":"$SYSTEM_SECURITY_low;", "Security_Localised":"Low Security", "JumpDist":22.771, "FuelUsed":3.528065, "FuelLevel":30.243950 }
{ "timestamp":"2016-10-25T19:37:12Z", "event":"Scan", "BodyName":"LFT 238", "DistanceFromArrivalLS":0.000000, "StarType":"K", "StellarMass":0.812500, "Radius":619026368.000000, "AbsoluteMagnitude":6.092346, "Age_MY":6932, "SurfaceTemperature":5096.000000, "SemiMajorAxis":527123480576.000000, "Eccentricity":0.133275, "OrbitalInclination":29.273602, "Periapsis":109.414597, "OrbitalPeriod":1135289728.000000, "RotationPeriod":311941.218750 }
{ "timestamp":"2016-10-25T19:39:05Z", "event":"Scan", "BodyName":"Gliese 118.1 B", "DistanceFromArrivalLS":6153.325195, "StarType":"M", "StellarMass":0.359375, "Radius":376233888.000000, "AbsoluteMagnitude":8.991226, "Age_MY":7510, "SurfaceTemperature":3013.000000, "SemiMajorAxis":1191757348864.000000, "Eccentricity":0.133275, "OrbitalInclination":29.273602, "Periapsis":289.414612, "OrbitalPeriod":1135289728.000000, "RotationPeriod":205061.125000 }
{ "timestamp":"2016-10-25T19:39:43Z", "event":"FSDJump", "StarSystem":"Wong Guin", "StarPos":[60.063,-93.969,-22.969], "Allegiance":"Empire", "Economy":"$economy_HighTech;", "Economy_Localised":"High tech", "Government":"$government_Corporate;", "Government_Localised":"Corporate", "Security":"$SYSTEM_SECURITY_high;", "Security_Localised":"High Security", "JumpDist":24.843, "FuelUsed":4.301297, "FuelLevel":25.942654, "Faction":"Wong Guin Natural Industries", "FactionState":"Boom" }
{ "timestamp":"2016-10-25T19:40:44Z", "event":"FSDJump", "StarSystem":"Lobed", "StarPos":[74.563,-103.250,-21.906], "Allegiance":"Empire", "Economy":"$economy_Extraction;", "Economy_Localised":"Extraction", "Government":"$government_Corporate;", "Government_Localised":"Corporate", "Security":"$SYSTEM_SECURITY_low;", "Security_Localised":"Low Security", "JumpDist":17.249, "FuelUsed":1.727084, "FuelLevel":24.215569, "Faction":"HIP 18187 Blue Legal Partners" }
{ "timestamp":"2016-10-25T19:41:08Z", "event":"Scan", "BodyName":"Lobed", "DistanceFromArrivalLS":0.000000, "StarType":"TTS", "StellarMass":0.382813, "Radius":409833056.000000, "AbsoluteMagnitude":9.296585, "Age_MY":170, "SurfaceTemperature":2692.000000, "RotationPeriod":174558.468750, "Rings":[ { "Name":"Lobed A Belt", "RingClass":"eRingClass_MetalRich", "MassMT":8.3892e+13, "InnerRad":6.3214e+08, "OuterRad":1.7521e+09 } ] }
{ "timestamp":"2016-10-25T19:42:29Z", "event":"FSDJump", "StarSystem":"ICZ AF-Z b3", "StarPos":[88.438,-115.406,-10.844], "Allegiance":"", "Economy":"$economy_None;", "Economy_Localised":"None", "Government":"$government_None;", "Government_Localised":"None", "Security":"$SYSTEM_SECURITY_low;", "Security_Localised":"Low Security", "JumpDist":21.510, "FuelUsed":2.944021, "FuelLevel":21.271547 }
{ "timestamp":"2016-10-25T19:43:18Z", "event":"FSDJump", "StarSystem":"Gyvatices", "StarPos":[101.781,-126.406,-12.781], "Allegiance":"Empire", "Economy":"$economy_Agri;", "Economy_Localised":"Agriculture", "Government":"$government_Corporate;", "Government_Localised":"Corporate", "Security":"$SYSTEM_SECURITY_medium;", "Security_Localised":"Medium Security", "JumpDist":17.401, "FuelUsed":1.729097, "FuelLevel":19.542450, "Faction":"Gyvatices Crimson Advanced Hldgs" }
{ "timestamp":"2016-10-25T19:46:19Z", "event":"SupercruiseExit", "StarSystem":"Gyvatices", "Body":"Gyvatices B", "BodyType":"Star" }
{ "timestamp":"2016-10-25T19:48:30Z", "event":"SupercruiseEntry", "StarSystem":"Gyvatices" }
{ "timestamp":"2016-10-25T19:50:57Z", "event":"SupercruiseExit", "StarSystem":"Gyvatices", "Body":"Walter Dock", "BodyType":"Station" }
{ "timestamp":"2016-10-25T19:50:59Z", "event":"ReceiveText", "From":"Walter Dock", "Message":"$STATION_NoFireZone_entered;", "Message_Localised":"No fire zone entered.", "Channel":"npc" }
{ "timestamp":"2016-10-25T19:51:19Z", "event":"DockingRequested", "StationName":"Walter Dock" }
{ "timestamp":"2016-10-25T19:51:19Z", "event":"ReceiveText", "From":"Walter Dock", "Message":"$DockingChatter_Neutral;", "Message_Localised":"Ensure to observe starport protocol during your visit, pilot.", "Channel":"npc" }
{ "timestamp":"2016-10-25T19:51:21Z", "event":"ReceiveText", "From":"Walter Dock", "Message":"$STATION_docking_granted;", "Message_Localised":"Docking request granted.", "Channel":"npc" }
{ "timestamp":"2016-10-25T19:51:21Z", "event":"DockingGranted", "LandingPad":23, "StationName":"Walter Dock" }
{ "timestamp":"2016-10-25T19:53:06Z", "event":"ReceiveText", "From":"$npc_name_decorate:#name=LazerFX;", "From_Localised":"LazerFX", "Message":"$Pirate_Arrival03;", "Message_Localised":"Judgement time!", "Channel":"npc" }
{ "timestamp":"2016-10-25T19:53:35Z", "event":"Docked", "StationName":"Walter Dock", "StationType":"Orbis", "StarSystem":"Gyvatices", "Faction":"Gyvatices Crimson Advanced Hldgs", "Allegiance":"Empire", "Economy":"$economy_Agri;", "Economy_Localised":"Agriculture", "Government":"$government_Corporate;", "Government_Localised":"Corporate", "Security":"$SYSTEM_SECURITY_medium;", "Security_Localised":"Medium Security" }
{ "timestamp":"2016-10-25T19:54:19Z", "event":"ReceiveText", "From":"$cmdr_decorate:#name=ArtemIII;", "From_Localised":"CMDR ArtemIII", "Message":"Watch where you going!!!!", "Channel":"local" }
{ "timestamp":"2016-10-25T19:55:32Z", "event":"MarketSell", "Type":"coffee", "Count":95, "SellPrice":2558, "TotalSale":243010, "AvgPricePaid":1087 }
{ "timestamp":"2016-10-25T19:55:36Z", "event":"MarketSell", "Type":"fish", "Count":1, "SellPrice":812, "TotalSale":812, "AvgPricePaid":287 }
{ "timestamp":"2016-10-25T19:55:52Z", "event":"RefuelAll", "Cost":1461, "Amount":29.196199 }
{ "timestamp":"2016-10-25T19:56:39Z", "event":"ReceiveText", "From":"$cmdr_decorate:#name=Tashkaelon;", "From_Localised":"CMDR Tashkaelon", "Message":"that dark paintjob didn't help you visibility :D", "Channel":"local" }
{ "timestamp":"2016-10-25T19:56:45Z", "event":"ReceiveText", "From":"$cmdr_decorate:#name=Tashkaelon;", "From_Localised":"CMDR Tashkaelon", "Message":"sorry for that bump", "Channel":"local" }
{ "timestamp":"2016-10-25T19:58:45Z", "event":"ReceiveText", "From":"$cmdr_decorate:#name=Trumpetdude;", "From_Localised":"CMDR Trumpetdude", "Message":"OOh, it's green.", "Channel":"local" }
{ "timestamp":"2016-10-25T19:59:10Z", "event":"ReceiveText", "From":"$npc_name_decorate:#name=Dmitry Fedotov;", "From_Localised":"Dmitry Fedotov", "Message":"$MisfortuneCriticalDamage01;", "Message_Localised":"Damn it, how did that happen?", "Channel":"npc" }
{ "timestamp":"2016-10-25T20:03:28Z", "event":"Undocked", "StationName":"Walter Dock", "StationType":"Orbis" }
{ "timestamp":"2016-10-25T20:05:02Z", "event":"ReceiveText", "From":"", "Message":"$STATION_NoFireZone_exited;", "Message_Localised":"No fire zone left.", "Channel":"npc" }
{ "timestamp":"2016-10-25T20:05:06Z", "event":"SupercruiseEntry", "StarSystem":"Gyvatices" }
{ "timestamp":"2016-10-25T20:06:16Z", "event":"FSDJump", "StarSystem":"Odins", "StarPos":[99.531,-124.813,-24.500], "Allegiance":"Empire", "Economy":"$economy_Agri;", "Economy_Localised":"Agriculture", "Government":"$government_Patronage;", "Government_Localised":"Patronage", "Security":"$SYSTEM_SECURITY_medium;", "Security_Localised":"Medium Security", "JumpDist":12.039, "FuelUsed":0.506754, "FuelLevel":47.493248, "Faction":"Odins Empire Party" }
{ "timestamp":"2016-10-25T20:08:01Z", "event":"SupercruiseExit", "StarSystem":"Odins", "Body":"Roche Orbital", "BodyType":"Station" }
{ "timestamp":"2016-10-25T20:08:16Z", "event":"DockingRequested", "StationName":"Roche Orbital" }
{ "timestamp":"2016-10-25T20:08:16Z", "event":"ReceiveText", "From":"Roche Orbital", "Message":"$DockingChatter_Neutral;", "Message_Localised":"Ensure to observe starport protocol during your visit, pilot.", "Channel":"npc" }
{ "timestamp":"2016-10-25T20:08:18Z", "event":"ReceiveText", "From":"Roche Orbital", "Message":"$STATION_docking_granted;", "Message_Localised":"Docking request granted.", "Channel":"npc" }
{ "timestamp":"2016-10-25T20:08:18Z", "event":"DockingGranted", "LandingPad":23, "StationName":"Roche Orbital" }
{ "timestamp":"2016-10-25T20:08:29Z", "event":"ReceiveText", "From":"Roche Orbital", "Message":"$STATION_NoFireZone_entered;", "Message_Localised":"No fire zone entered.", "Channel":"npc" }
{ "timestamp":"2016-10-25T20:09:34Z", "event":"Docked", "StationName":"Roche Orbital", "StationType":"Coriolis", "StarSystem":"Odins", "Faction":"Odins Empire Party", "Allegiance":"Empire", "Economy":"$economy_Agri;", "Economy_Localised":"Agriculture", "Government":"$government_Patronage;", "Government_Localised":"Patronage", "Security":"$SYSTEM_SECURITY_medium;", "Security_Localised":"Medium Security" }
{ "timestamp":"2016-10-25T20:10:35Z", "event":"MarketBuy", "Type":"coffee", "Count":96, "BuyPrice":957, "TotalCost":91872 }
{ "timestamp":"2016-10-25T20:11:21Z", "event":"Undocked", "StationName":"Roche Orbital", "StationType":"Coriolis" }
{ "timestamp":"2016-10-25T20:12:28Z", "event":"ReceiveText", "From":"Roche Orbital", "Message":"$STATION_NoFireZone_exited;", "Message_Localised":"No fire zone left.", "Channel":"npc" }
{ "timestamp":"2016-10-25T20:13:07Z", "event":"FSDJump", "StarSystem":"Gyvatices", "StarPos":[101.781,-126.406,-12.781], "Allegiance":"Empire", "Economy":"$economy_Agri;", "Economy_Localised":"Agriculture", "Government":"$government_Corporate;", "Government_Localised":"Corporate", "Security":"$SYSTEM_SECURITY_medium;", "Security_Localised":"Medium Security", "JumpDist":12.039, "FuelUsed":0.784631, "FuelLevel":46.708618, "Faction":"Gyvatices Crimson Advanced Hldgs" }
{ "timestamp":"2016-10-25T20:18:13Z", "event":"SupercruiseExit", "StarSystem":"Gyvatices", "Body":"Walter Dock", "BodyType":"Station" }
{ "timestamp":"2016-10-25T20:18:14Z", "event":"ReceiveText", "From":"Walter Dock", "Message":"$STATION_NoFireZone_entered;", "Message_Localised":"No fire zone entered.", "Channel":"npc" }
{ "timestamp":"2016-10-25T20:18:37Z", "event":"DockingRequested", "StationName":"Walter Dock" }
{ "timestamp":"2016-10-25T20:18:37Z", "event":"ReceiveText", "From":"Walter Dock", "Message":"$DockingChatter_Neutral;", "Message_Localised":"Ensure to observe starport protocol during your visit, pilot.", "Channel":"npc" }
{ "timestamp":"2016-10-25T20:18:41Z", "event":"ReceiveText", "From":"Walter Dock", "Message":"$STATION_docking_granted;", "Message_Localised":"Docking request granted.", "Channel":"npc" }
{ "timestamp":"2016-10-25T20:18:41Z", "event":"DockingGranted", "LandingPad":5, "StationName":"Walter Dock" }
{ "timestamp":"2016-10-25T20:20:40Z", "event":"ReceiveText", "From":"$ShipName_Police_Empire;", "From_Localised":"Internal Security Service", "Message":"$Police_ThankYouPassedStopAndSearch03;", "Message_Localised":"All clear. Carry on, pilot.", "Channel":"npc" }
{ "timestamp":"2016-10-25T20:22:22Z", "event":"Docked", "StationName":"Walter Dock", "StationType":"Orbis", "StarSystem":"Gyvatices", "Faction":"Gyvatices Crimson Advanced Hldgs", "Allegiance":"Empire", "Economy":"$economy_Agri;", "Economy_Localised":"Agriculture", "Government":"$government_Corporate;", "Government_Localised":"Corporate", "Security":"$SYSTEM_SECURITY_medium;", "Security_Localised":"Medium Security" }
{ "timestamp":"2016-10-25T20:22:54Z", "event":"MarketSell", "Type":"coffee", "Count":96, "SellPrice":2558, "TotalSale":245568, "AvgPricePaid":957 }
