{ "timestamp":"2016-07-26T13:14:17Z", "event":"Fileheader", "part":1, "language":"English/EN", "gameversion":"2.2 (Trunk)", "build":"r114753 " }
{ "timestamp":"2016-07-26T13:19:27Z", "event":"LoadGame", "Commander":"HRC1", "Ship":"CobraMkIV", "ShipID":9, "GameMode":"Open", "Credits":442516615, "Loan":0 }
{ "timestamp":"2016-07-26T13:19:27Z", "event":"Rank", "Combat":0, "Trade":0, "Explore":1, "Empire":0, "Federation":0, "CQC":0 }
{ "timestamp":"2016-07-26T13:19:27Z", "event":"Progress", "Combat":0, "Trade":66, "Explore":14, "Empire":0, "Federation":0, "CQC":0 }
{ "timestamp":"2016-07-26T13:19:48Z", "event":"Location", "Docked":1, "StationName":"Jameson Memorial", "StationType":"Orbis", "StarSystem":"Shinrarta Dezhra", "StarPos":[55.719,17.594,27.156], "Economy":"$economy_HighTech;", "Economy_Localised":"High tech", "Government":"$government_Democracy;", "Government_Localised":"Democracy", "Security":"$SYSTEM_SECURITY_high;", "Security_Localised":"High Security", "Faction":"The Pilots Federation", "FactionState":"Lockdown" }
{ "timestamp":"2016-07-26T13:19:49Z", "event":"Docked", "StationName":"Jameson Memorial", "StationType":"Orbis", "StarSystem":"Shinrarta Dezhra", "Faction":"The Pilots Federation", "FactionState":"Lockdown", "Economy":"$economy_HighTech;", "Economy_Localised":"High tech", "Government":"$government_Democracy;", "Government_Localised":"Democracy", "Security":"$SYSTEM_SECURITY_high;", "Security_Localised":"High Security" }
{ "timestamp":"2016-07-26T13:20:30Z", "event":"ShipyardSwap", "ShipType":"viper_mkiv", "ShipID":5, "StoreOldShip":"CobraMkIV", "StoreShipID":9 }
{ "timestamp":"2016-07-26T13:20:41Z", "event":"Docked", "StationName":"Jameson Memorial", "StationType":"Orbis", "StarSystem":"Shinrarta Dezhra", "Faction":"The Pilots Federation", "FactionState":"Lockdown", "Economy":"$economy_HighTech;", "Economy_Localised":"High tech", "Government":"$government_Democracy;", "Government_Localised":"Democracy", "Security":"$SYSTEM_SECURITY_high;", "Security_Localised":"High Security" }
{ "timestamp":"2016-07-26T13:21:29Z", "event":"ModuleSwap", "FromSlot":"MediumHardpoint1", "ToSlot":"SmallHardpoint1", "FromItem":"$hpt_pulselaser_fixed_small_name;", "FromItem_Localised":"Pulse Laser", "ToItem":"Null", "Ship":"viper_mkiv" }
{ "timestamp":"2016-07-26T13:21:38Z", "event":"ModuleSwap", "FromSlot":"MediumHardpoint2", "ToSlot":"SmallHardpoint2", "FromItem":"$hpt_pulselaser_fixed_small_name;", "FromItem_Localised":"Pulse Laser", "ToItem":"Null", "Ship":"viper_mkiv" }
{ "timestamp":"2016-07-26T13:22:05Z", "event":"ModuleBuy", "Slot":"MediumHardpoint1", "BuyItem":"$hpt_multicannon_gimbal_medium_name;", "BuyItem_Localised":"Multi-Cannon", "BuyPrice":50018, "Ship":"viper_mkiv" }
{ "timestamp":"2016-07-26T13:22:24Z", "event":"ModuleBuy", "Slot":"MediumHardpoint2", "BuyItem":"$hpt_pulselaserburst_gimbal_medium_name;", "BuyItem_Localised":"Burst Laser", "BuyPrice":42559, "Ship":"viper_mkiv" }
{ "timestamp":"2016-07-26T13:24:07Z", "event":"Undocked", "StationName":"Jameson Memorial", "StationType":"Orbis" }
{ "timestamp":"2016-07-26T13:25:59Z", "event":"FSDJump", "StarSystem":"LHS 2435", "StarPos":[58.313,21.719,19.531], "Economy":"$economy_None;", "Economy_Localised":"None", "Government":"$government_None;", "Government_Localised":"None", "Security":"$SYSTEM_SECURITY_low_anarchy;", "Security_Localised":"Low Anarchy", "JumpDist":9.049, "FuelUsed":1.652375, "FuelLevel":14.347625 }
{ "timestamp":"2016-07-26T13:27:25Z", "event":"FSDJump", "StarSystem":"Bunda", "StarPos":[65.625,17.969,24.969], "Economy":"$economy_Agri;", "Economy_Localised":"Agriculture", "Government":"$government_Democracy;", "Government_Localised":"Democracy", "Security":"$SYSTEM_SECURITY_high;", "Security_Localised":"High Security", "JumpDist":9.854, "FuelUsed":1.982385, "FuelLevel":12.365239, "Faction":"People's Bunda Independents" }
{ "timestamp":"2016-07-26T13:29:47Z", "event":"SupercruiseExit", "StarSystem":"Bunda", "Body":"Faraday Ring" }
{ "timestamp":"2016-07-26T13:30:13Z", "event":"DockingRequested", "StationName":"Faraday Ring" }
{ "timestamp":"2016-07-26T13:30:14Z", "event":"DockingGranted", "LandingPad":28, "StationName":"Faraday Ring" }
{ "timestamp":"2016-07-26T13:30:21Z", "event":"Docked", "StationName":"Faraday Ring", "StationType":"Orbis", "StarSystem":"Bunda", "Faction":"People's Bunda Independents", "Economy":"$economy_Agri;", "Economy_Localised":"Agriculture", "Government":"$government_Democracy;", "Government_Localised":"Democracy", "Security":"$SYSTEM_SECURITY_high;", "Security_Localised":"High Security" }
{ "timestamp":"2016-07-26T13:32:19Z", "event":"MissionAccepted", "Faction":"Bunda Bridge & Co", "Name":"Mission_Delivery_Agriculture", "Commodity":"$FruitAndVegetables_Name;", "Commodity_Localised":"Fruit and Vegetables", "Count":2, "Expiry":"2016-07-27T13:31:00Z" }
{ "timestamp":"2016-07-26T13:33:12Z", "event":"MarketBuy", "Type":"coffee", "Count":2, "BuyPrice":992, "TotalCost":1984 }
{ "timestamp":"2016-07-26T13:35:30Z", "event":"Undocked", "StationName":"Faraday Ring", "StationType":"Orbis" }
{ "timestamp":"2016-07-26T13:37:34Z", "event":"FSDJump", "StarSystem":"Katta", "StarPos":[67.531,25.000,24.625], "Economy":"$economy_Extraction;", "Economy_Localised":"Extraction", "Government":"$government_Cooperative;", "Government_Localised":"Cooperative", "Security":"$SYSTEM_SECURITY_low;", "Security_Localised":"Low Security", "JumpDist":7.293, "FuelUsed":1.009189, "FuelLevel":11.356050, "Faction":"Katta Collective", "FactionState":"CivilWar" }
{ "timestamp":"2016-07-26T13:39:04Z", "event":"FSDJump", "StarSystem":"Heveri", "StarPos":[69.969,25.969,17.094], "Economy":"$economy_Industrial;", "Economy_Localised":"Industrial", "Government":"$government_Democracy;", "Government_Localised":"Democracy", "Security":"$SYSTEM_SECURITY_high;", "Security_Localised":"High Security", "JumpDist":7.975, "FuelUsed":1.228992, "FuelLevel":10.127058, "Faction":"People's Heveri Values Party" }
{ "timestamp":"2016-07-26T13:40:08Z", "event":"FSDJump", "StarSystem":"Paitina", "StarPos":[73.719,26.063,13.781], "Economy":"$economy_Extraction;", "Economy_Localised":"Extraction", "Government":"$government_Confederacy;", "Government_Localised":"Confederacy", "Security":"$SYSTEM_SECURITY_low;", "Security_Localised":"Low Security", "JumpDist":5.004, "FuelUsed":0.416462, "FuelLevel":9.710596, "Faction":"Coalition of Paitina" }
{ "timestamp":"2016-07-26T13:43:41Z", "event":"USSDrop", "USSType":"$USS_Type_Convoy;", "USSType_Localised":"Convoy dispersal pattern detected", "USSThreat":0 }
{ "timestamp":"2016-07-26T13:43:42Z", "event":"SupercruiseExit", "StarSystem":"Paitina", "Body":"Paitina 1" }
{ "timestamp":"2016-07-26T13:44:32Z", "event":"SupercruiseEntry", "StarSystem":"Paitina" }
{ "timestamp":"2016-07-26T13:46:07Z", "event":"SupercruiseExit", "StarSystem":"Paitina", "Body":"Musabayev Base" }
{ "timestamp":"2016-07-26T13:46:26Z", "event":"DockingRequested", "StationName":"Musabayev Base" }
{ "timestamp":"2016-07-26T13:46:27Z", "event":"DockingGranted", "LandingPad":2, "StationName":"Musabayev Base" }
{ "timestamp":"2016-07-26T13:46:37Z", "event":"Docked", "StationName":"Musabayev Base", "StationType":"Outpost", "StarSystem":"Paitina", "Faction":"Coalition of Paitina", "Economy":"$economy_Extraction;", "Economy_Localised":"Extraction", "Government":"$government_Confederacy;", "Government_Localised":"Confederacy", "Security":"$SYSTEM_SECURITY_low;", "Security_Localised":"Low Security" }
{ "timestamp":"2016-07-26T13:47:21Z", "event":"Promotion", "Trade":1 }
{ "timestamp":"2016-07-26T13:47:22Z", "event":"MissionCompleted", "Faction":"Paitina Blue Rats", "Name":"Mission_Delivery_Agriculture_name", "Commodity":"$FruitAndVegetables_Name;", "Commodity_Localised":"Fruit and Vegetables", "Count":2, "Reward":15662 }
{ "timestamp":"2016-07-26T13:47:44Z", "event":"MarketSell", "Type":"coffee", "Count":2, "SellPrice":1709, "TotalSale":3418, "AvgPricePaid":992 }
{ "timestamp":"2016-07-26T13:49:10Z", "event":"SellExplorationData", "Systems":[ "Pleiades Sector GW-W c1-14", "Pleiades Sector KC-V c2-14", "Anna Perenna", "Pleiades Sector GW-W c1-15", "Pleiades Sector EB-X c1-15", "Pleiades Sector IH-V c2-15", "Pleiades Sector KC-V c2-16", "Pleiades Sector EB-X c1-16", "Core Sys Sector DL-Y d133", "Pleiades Sector PD-S b4-2", "Kaba", "LHS 231", "LHS 2029", "Gatonese", "G 41-9", "LTT 3919", "Ross 439" ], "Discovered":[ "Kaba 1", "Kaba 2", "Kaba 3", "Kaba" ], "BaseValue":106424, "Bonus":11020 }
{ "timestamp":"2016-07-26T13:49:12Z", "event":"EngineerProgress", "Engineer":"Felicity Farseer", "Progress":"Invited" }
